\BOOKMARK [1][-]{section.1}{\376\377\000I\000n\000t\000r\000o\000d\000u\000c\000t\000i\000o\000n}{}% 1
\BOOKMARK [2][-]{subsection.1.1}{\376\377\000Q\000u\000a\000n\000t\000u\000m\000\040\000C\000o\000m\000p\000u\000t\000e\000r\000s}{section.1}% 2
\BOOKMARK [2][-]{subsection.1.2}{\376\377\000Q\000A\000S\000M}{section.1}% 3
\BOOKMARK [3][-]{subsubsection.1.2.1}{\376\377\000s\000t\000d\000g\000a\000t\000e\000s\000.\000i\000n\000c}{subsection.1.2}% 4
\BOOKMARK [2][-]{subsection.1.3}{\376\377\000P\000a\000s\000q\000a\000l\000'\000s\000\040\000N\000e\000u\000t\000r\000a\000l\000\040\000A\000t\000o\000m\000\040\000Q\000u\000a\000n\000t\000u\000m\000\040\000C\000o\000m\000p\000u\000t\000e\000r}{section.1}% 5
\BOOKMARK [3][-]{subsubsection.1.3.1}{\376\377\000R\000e\000g\000i\000s\000t\000e\000r}{subsection.1.3}% 6
\BOOKMARK [3][-]{subsubsection.1.3.2}{\376\377\000G\000a\000t\000e\000s}{subsection.1.3}% 7
\BOOKMARK [3][-]{subsubsection.1.3.3}{\376\377\000P\000u\000l\000s\000e\000r}{subsection.1.3}% 8
\BOOKMARK [3][-]{subsubsection.1.3.4}{\376\377\000P\000u\000l\000s\000e\000r\000'\000s\000\040\000U\000n\000i\000t\000a\000r\000y\000\040\000g\000a\000t\000e}{subsection.1.3}% 9
\BOOKMARK [1][-]{section.2}{\376\377\000M\000e\000t\000h\000o\000d\000o\000l\000o\000g\000y}{}% 10
\BOOKMARK [2][-]{subsection.2.1}{\376\377\000Q\000u\000n\000a\000t\000u\000m\000\040\000L\000o\000g\000i\000c\000\040\000G\000a\000t\000e\000s}{section.2}% 11
\BOOKMARK [3][-]{subsubsection.2.1.1}{\376\377\000T\000r\000a\000n\000s\000l\000a\000t\000i\000n\000g\000\040\000S\000i\000n\000g\000l\000e\000\040\000Q\000u\000b\000i\000t\000\040\000G\000a\000t\000e\000s}{subsection.2.1}% 12
\BOOKMARK [3][-]{subsubsection.2.1.2}{\376\377\000T\000r\000a\000n\000s\000l\000a\000t\000i\000n\000g\000\040\000t\000w\000o\000\040\000Q\000u\000b\000i\000t\000\040\000G\000a\000t\000e\000s}{subsection.2.1}% 13
\BOOKMARK [3][-]{subsubsection.2.1.3}{\376\377\000T\000e\000s\000t\000i\000n\000g\000\040\000g\000a\000t\000e\000s}{subsection.2.1}% 14
\BOOKMARK [2][-]{subsection.2.2}{\376\377\000T\000e\000s\000t\000i\000n\000g\000\040\000R\000y\000d\000b\000e\000r\000g\000\040\000B\000l\000o\000c\000k\000a\000d\000e}{section.2}% 15
\BOOKMARK [2][-]{subsection.2.3}{\376\377\000P\000a\000r\000s\000i\000n\000g\000\040\000Q\000A\000S\000M\000\040\000c\000o\000d\000e}{section.2}% 16
\BOOKMARK [1][-]{section.3}{\376\377\000R\000e\000s\000u\000l\000t\000s}{}% 17
\BOOKMARK [2][-]{subsection.3.1}{\376\377\000U\000n\000i\000t\000a\000r\000y\000\040\000G\000a\000t\000e\000s}{section.3}% 18
\BOOKMARK [2][-]{subsection.3.2}{\376\377\000S\000i\000n\000g\000l\000e\000-\000q\000u\000b\000i\000t\000\040\000G\000a\000t\000e\000s}{section.3}% 19
\BOOKMARK [2][-]{subsection.3.3}{\376\377\000M\000u\000l\000t\000i\000-\000q\000u\000b\000i\000t\000\040\000G\000a\000t\000e\000s}{section.3}% 20
\BOOKMARK [2][-]{subsection.3.4}{\376\377\000P\000a\000r\000s\000i\000n\000g}{section.3}% 21
\BOOKMARK [1][-]{section.4}{\376\377\000D\000i\000s\000c\000u\000s\000s\000i\000o\000n}{}% 22
\BOOKMARK [1][-]{section.5}{\376\377\000C\000o\000n\000c\000l\000u\000s\000i\000o\000n}{}% 23
\BOOKMARK [1][-]{section.6}{\376\377\000C\000r\000i\000t\000i\000c\000a\000l\000\040\000R\000e\000f\000l\000e\000c\000t\000i\000o\000n}{}% 24
